<?xml version="1.0" encoding="UTF-8"?>
<!-- Generated by org.testng.reporters.JUnitXMLReporter -->
<testsuite ignored="0" hostname="PE-HO-451" failures="1" tests="1" name="Command line test" time="15.423" errors="0" timestamp="2022-11-22T14:33:16 COT">
  <testcase classname="RunPruebas.Run" name="cargaCasosAzure" time="13.41">
    <failure type="com.itextpdf.text.DocumentException" message="The document is not open yet; you can only add Meta information.">
      <![CDATA[com.itextpdf.text.DocumentException: The document is not open yet; you can only add Meta information.
at com.itextpdf.text.Document.add(Document.java:270)
at Utilidades.GenerarReportePdf.cerrarPlantilla(GenerarReportePdf.java:170)
at RunPruebas.Run.cargaCasosAzure(Run.java:145)
at java.base/java.util.ArrayList.forEach(ArrayList.java:1511)
at RunPruebas.Ejecutable.main(Ejecutable.java:15)
... Removed 24 stack frames]]>
    </failure>
  </testcase> <!-- cargaCasosAzure -->
</testsuite> <!-- Command line test -->
