<?xml version="1.0" encoding="UTF-8"?>
<!-- Generated by org.testng.reporters.JUnitXMLReporter -->
<testsuite ignored="1" hostname="PE-HO-ACH-025" failures="0" tests="1" name="Default test" time="15.014" errors="0" timestamp="2025-03-03T11:35:12 COT">
  <testcase classname="RunPruebas.RunPrincipalTest" name="CasoDePrueba1215564" time="13.711"/>
  <testcase classname="RunPruebas.RunPrincipalTest" name="CasoDePrueba1215671" time="0.0">
    <ignored/>
  </testcase> <!-- CasoDePrueba1215671 -->
</testsuite> <!-- Default test -->
